[vr-output] ok: ffmpeg=/usr/bin/ffmpeg
[vr-output] ok: python=/home/whf/anaconda3/envs/genesis/bin/python3
[vr-output] ok: docker=/usr/bin/docker
[vr-output] ok: docker daemon is accessible
[vr-output] ok: CloudXR IPC=/home/whf/.cloudxr/run/ipc_cloudxr
[vr-output] ok: capture display=:0
[vr-output] ok: sim screen device=/dev/video44
[vr-output] ok: sim screen output capability=V4L2 output
[vr-output] ok: xr status path=/home/whf/.cloudxr/run/teleop_xr_status.json
[vr-output] ok: XR recovery retries=3600 delay=2.0s
[vr-output] ok: camera_streamer=/home/whf/Project/newton/../IsaacTeleop/examples/camera_streamer
[vr-output] ok: streaming :0+0,0 1280x720@20fps -> /dev/video44
[x11grab @ 0x5dfc576ef340] Stream #0: not enough frames to estimate rate; consider increasing probesize
[vr-output] ok: starting camera_streamer XR config=/home/whf/Project/IsaacTeleop/examples/camera_streamer/build/newton_sim_screen_xr.yaml
[vr-output] ok: lite camera_streamer image=harness-camera-streamer-lite:latest
2026-07-07 07:23:32.702 | INFO     | __main__:main:166 - Loading config from: /config/newton_sim_screen_xr.yaml
2026-07-07 07:23:32.811 | INFO     | __main__:main:188 - ============================================================
2026-07-07 07:23:32.811 | INFO     | __main__:main:189 - Teleop Camera App
2026-07-07 07:23:32.811 | INFO     | __main__:main:190 - ============================================================
2026-07-07 07:23:32.811 | INFO     | __main__:main:191 - Source: local
2026-07-07 07:23:32.811 | INFO     | __main__:main:192 - Display mode: xr
2026-07-07 07:23:32.811 | INFO     | __main__:main:193 - Cameras: 1
2026-07-07 07:23:32.811 | INFO     | __main__:main:197 -   sim_screen (mono): mono:0
2026-07-07 07:23:32.811 | INFO     | __main__:main:198 - ============================================================
2026-07-07 07:23:32.811 | INFO     | __main__:main:199 - Press Ctrl+C to stop
[info] [fragment.cpp:1116] Loading extensions from configs...
[info] [gxf_executor.cpp:433] Creating context
2026-07-07 07:23:32.837 | INFO     | teleop_camera_subgraph:_compose_local_sources:403 - Adding local camera: sim_screen (v4l2)
2026-07-07 07:23:32.838 | INFO     | camera_sources:create_v4l2_source:309 -   V4L2 source: sim_screen /dev/video44 1280x720@0fps
2026-07-07 07:23:32.840 | INFO     | teleop_camera_subgraph:_compose_xr_mode:816 - XR mode: 1 camera planes (single Vulkan context), hand skeleton overlay=enabled
2026-07-07 07:23:32.840 | INFO     | teleop_camera_subgraph:compose:394 - Teleop camera subgraph: mode=xr
LOG in xrCreateInstance: Instance created
	createInfo->applicationInfo.applicationName: Holoscan XR
	createInfo->applicationInfo.applicationVersion: 0
	createInfo->applicationInfo.engineName: Holoscan XR
	createInfo->applicationInfo.engineVersion: 1
	createInfo->applicationInfo.apiVersion: 1.0.0
	appinfo.detected.engine.name: (null)
	appinfo.detected.engine.version: 0.0.0
	quirks.disable_vulkan_format_depth: false
	quirks.disable_vulkan_format_depth_stencil: false
	quirks.disable_quad_views: false
	quirks.no_validation_error_in_create_ref_space: true
	quirks.skip_end_session: false
	quirks.parallel_views: false
	quirks.no_texture_source_alpha: false

[error] [component.cpp:89] Component 'teleop_camera_xr_plane_renderer': failed to set argument - Argument 'xr_session': xr::Instance::getSystem: ErrorFormFactorUnavailable
[error] [gxf_executor.cpp:1616] Exception occurred during initialization of operator: 'teleop_camera_xr_plane_renderer' - Component 'teleop_camera_xr_plane_renderer': failed to set 1 argument(s):
  - Argument 'xr_session': xr::Instance::getSystem: ErrorFormFactorUnavailable
2026-07-07 07:23:33.007 | WARNING  | __main__:_reexec_self:100 - XR runtime not ready yet. Component 'teleop_camera_xr_plane_renderer': failed to set 1 argument(s):
  - Argument 'xr_session': xr::Instance::getSystem: ErrorFormFactorUnavailable Retrying in 2.0s... (attempt 1)
2026-07-07 07:23:35.007 | INFO     | __main__:_reexec_self:102 - Re-executing for clean process state...
2026-07-07 07:23:35.569 | INFO     | __main__:main:166 - Loading config from: /config/newton_sim_screen_xr.yaml
2026-07-07 07:23:35.613 | INFO     | __main__:main:188 - ============================================================
2026-07-07 07:23:35.614 | INFO     | __main__:main:189 - Teleop Camera App
2026-07-07 07:23:35.614 | INFO     | __main__:main:190 - ============================================================
2026-07-07 07:23:35.614 | INFO     | __main__:main:191 - Source: local
2026-07-07 07:23:35.614 | INFO     | __main__:main:192 - Display mode: xr
2026-07-07 07:23:35.614 | INFO     | __main__:main:193 - Cameras: 1
2026-07-07 07:23:35.614 | INFO     | __main__:main:197 -   sim_screen (mono): mono:0
2026-07-07 07:23:35.614 | INFO     | __main__:main:198 - ============================================================
2026-07-07 07:23:35.614 | INFO     | __main__:main:199 - Press Ctrl+C to stop
[info] [fragment.cpp:1116] Loading extensions from configs...
[info] [gxf_executor.cpp:433] Creating context
2026-07-07 07:23:35.649 | INFO     | teleop_camera_subgraph:_compose_local_sources:403 - Adding local camera: sim_screen (v4l2)
2026-07-07 07:23:35.650 | INFO     | camera_sources:create_v4l2_source:309 -   V4L2 source: sim_screen /dev/video44 1280x720@0fps
2026-07-07 07:23:35.654 | INFO     | teleop_camera_subgraph:_compose_xr_mode:816 - XR mode: 1 camera planes (single Vulkan context), hand skeleton overlay=enabled
2026-07-07 07:23:35.654 | INFO     | teleop_camera_subgraph:compose:394 - Teleop camera subgraph: mode=xr
LOG in xrCreateInstance: Instance created
	createInfo->applicationInfo.applicationName: Holoscan XR
	createInfo->applicationInfo.applicationVersion: 0
	createInfo->applicationInfo.engineName: Holoscan XR
	createInfo->applicationInfo.engineVersion: 1
	createInfo->applicationInfo.apiVersion: 1.0.0
	appinfo.detected.engine.name: (null)
	appinfo.detected.engine.version: 0.0.0
	quirks.disable_vulkan_format_depth: false
	quirks.disable_vulkan_format_depth_stencil: false
	quirks.disable_quad_views: false
	quirks.no_validation_error_in_create_ref_space: true
	quirks.skip_end_session: false
	quirks.parallel_views: false
	quirks.no_texture_source_alpha: false

[error] [component.cpp:89] Component 'teleop_camera_xr_plane_renderer': failed to set argument - Argument 'xr_session': xr::Instance::getSystem: ErrorFormFactorUnavailable
[error] [gxf_executor.cpp:1616] Exception occurred during initialization of operator: 'teleop_camera_xr_plane_renderer' - Component 'teleop_camera_xr_plane_renderer': failed to set 1 argument(s):
  - Argument 'xr_session': xr::Instance::getSystem: ErrorFormFactorUnavailable
2026-07-07 07:23:35.860 | WARNING  | __main__:_reexec_self:100 - XR runtime not ready yet. Component 'teleop_camera_xr_plane_renderer': failed to set 1 argument(s):
  - Argument 'xr_session': xr::Instance::getSystem: ErrorFormFactorUnavailable Retrying in 2.0s... (attempt 2)
2026-07-07 07:23:37.861 | INFO     | __main__:_reexec_self:102 - Re-executing for clean process state...
2026-07-07 07:23:38.452 | INFO     | __main__:main:166 - Loading config from: /config/newton_sim_screen_xr.yaml
2026-07-07 07:23:38.502 | INFO     | __main__:main:188 - ============================================================
2026-07-07 07:23:38.503 | INFO     | __main__:main:189 - Teleop Camera App
2026-07-07 07:23:38.503 | INFO     | __main__:main:190 - ============================================================
2026-07-07 07:23:38.503 | INFO     | __main__:main:191 - Source: local
2026-07-07 07:23:38.503 | INFO     | __main__:main:192 - Display mode: xr
2026-07-07 07:23:38.503 | INFO     | __main__:main:193 - Cameras: 1
2026-07-07 07:23:38.504 | INFO     | __main__:main:197 -   sim_screen (mono): mono:0
2026-07-07 07:23:38.504 | INFO     | __main__:main:198 - ============================================================
2026-07-07 07:23:38.504 | INFO     | __main__:main:199 - Press Ctrl+C to stop
[info] [fragment.cpp:1116] Loading extensions from configs...
[info] [gxf_executor.cpp:433] Creating context
2026-07-07 07:23:38.536 | INFO     | teleop_camera_subgraph:_compose_local_sources:403 - Adding local camera: sim_screen (v4l2)
2026-07-07 07:23:38.537 | INFO     | camera_sources:create_v4l2_source:309 -   V4L2 source: sim_screen /dev/video44 1280x720@0fps
2026-07-07 07:23:38.539 | INFO     | teleop_camera_subgraph:_compose_xr_mode:816 - XR mode: 1 camera planes (single Vulkan context), hand skeleton overlay=enabled
2026-07-07 07:23:38.539 | INFO     | teleop_camera_subgraph:compose:394 - Teleop camera subgraph: mode=xr
LOG in xrCreateInstance: Instance created
	createInfo->applicationInfo.applicationName: Holoscan XR
	createInfo->applicationInfo.applicationVersion: 0
	createInfo->applicationInfo.engineName: Holoscan XR
	createInfo->applicationInfo.engineVersion: 1
	createInfo->applicationInfo.apiVersion: 1.0.0
	appinfo.detected.engine.name: (null)
	appinfo.detected.engine.version: 0.0.0
	quirks.disable_vulkan_format_depth: false
	quirks.disable_vulkan_format_depth_stencil: false
	quirks.disable_quad_views: false
	quirks.no_validation_error_in_create_ref_space: true
	quirks.skip_end_session: false
	quirks.parallel_views: false
	quirks.no_texture_source_alpha: false

[error] [component.cpp:89] Component 'teleop_camera_xr_plane_renderer': failed to set argument - Argument 'xr_session': xr::Instance::getSystem: ErrorFormFactorUnavailable
[error] [gxf_executor.cpp:1616] Exception occurred during initialization of operator: 'teleop_camera_xr_plane_renderer' - Component 'teleop_camera_xr_plane_renderer': failed to set 1 argument(s):
  - Argument 'xr_session': xr::Instance::getSystem: ErrorFormFactorUnavailable
2026-07-07 07:23:38.715 | WARNING  | __main__:_reexec_self:100 - XR runtime not ready yet. Component 'teleop_camera_xr_plane_renderer': failed to set 1 argument(s):
  - Argument 'xr_session': xr::Instance::getSystem: ErrorFormFactorUnavailable Retrying in 2.0s... (attempt 3)
2026-07-07 07:23:40.715 | INFO     | __main__:_reexec_self:102 - Re-executing for clean process state...
2026-07-07 07:23:41.350 | INFO     | __main__:main:166 - Loading config from: /config/newton_sim_screen_xr.yaml
2026-07-07 07:23:41.394 | INFO     | __main__:main:188 - ============================================================
2026-07-07 07:23:41.394 | INFO     | __main__:main:189 - Teleop Camera App
2026-07-07 07:23:41.394 | INFO     | __main__:main:190 - ============================================================
2026-07-07 07:23:41.394 | INFO     | __main__:main:191 - Source: local
2026-07-07 07:23:41.394 | INFO     | __main__:main:192 - Display mode: xr
2026-07-07 07:23:41.394 | INFO     | __main__:main:193 - Cameras: 1
2026-07-07 07:23:41.395 | INFO     | __main__:main:197 -   sim_screen (mono): mono:0
2026-07-07 07:23:41.395 | INFO     | __main__:main:198 - ============================================================
2026-07-07 07:23:41.395 | INFO     | __main__:main:199 - Press Ctrl+C to stop
[info] [fragment.cpp:1116] Loading extensions from configs...
[info] [gxf_executor.cpp:433] Creating context
2026-07-07 07:23:41.429 | INFO     | teleop_camera_subgraph:_compose_local_sources:403 - Adding local camera: sim_screen (v4l2)
2026-07-07 07:23:41.429 | INFO     | camera_sources:create_v4l2_source:309 -   V4L2 source: sim_screen /dev/video44 1280x720@0fps
2026-07-07 07:23:41.434 | INFO     | teleop_camera_subgraph:_compose_xr_mode:816 - XR mode: 1 camera planes (single Vulkan context), hand skeleton overlay=enabled
2026-07-07 07:23:41.434 | INFO     | teleop_camera_subgraph:compose:394 - Teleop camera subgraph: mode=xr
LOG in xrCreateInstance: Instance created
	createInfo->applicationInfo.applicationName: Holoscan XR
	createInfo->applicationInfo.applicationVersion: 0
	createInfo->applicationInfo.engineName: Holoscan XR
	createInfo->applicationInfo.engineVersion: 1
	createInfo->applicationInfo.apiVersion: 1.0.0
	appinfo.detected.engine.name: (null)
	appinfo.detected.engine.version: 0.0.0
	quirks.disable_vulkan_format_depth: false
	quirks.disable_vulkan_format_depth_stencil: false
	quirks.disable_quad_views: false
	quirks.no_validation_error_in_create_ref_space: true
	quirks.skip_end_session: false
	quirks.parallel_views: false
	quirks.no_texture_source_alpha: false

[error] [component.cpp:89] Component 'teleop_camera_xr_plane_renderer': failed to set argument - Argument 'xr_session': xr::Instance::getSystem: ErrorFormFactorUnavailable
[error] [gxf_executor.cpp:1616] Exception occurred during initialization of operator: 'teleop_camera_xr_plane_renderer' - Component 'teleop_camera_xr_plane_renderer': failed to set 1 argument(s):
  - Argument 'xr_session': xr::Instance::getSystem: ErrorFormFactorUnavailable
2026-07-07 07:23:41.674 | WARNING  | __main__:_reexec_self:100 - XR runtime not ready yet. Component 'teleop_camera_xr_plane_renderer': failed to set 1 argument(s):
  - Argument 'xr_session': xr::Instance::getSystem: ErrorFormFactorUnavailable Retrying in 2.0s... (attempt 4)
2026-07-07 07:23:43.675 | INFO     | __main__:_reexec_self:102 - Re-executing for clean process state...
2026-07-07 07:23:44.353 | INFO     | __main__:main:166 - Loading config from: /config/newton_sim_screen_xr.yaml
2026-07-07 07:23:44.397 | INFO     | __main__:main:188 - ============================================================
2026-07-07 07:23:44.397 | INFO     | __main__:main:189 - Teleop Camera App
2026-07-07 07:23:44.397 | INFO     | __main__:main:190 - ============================================================
2026-07-07 07:23:44.398 | INFO     | __main__:main:191 - Source: local
2026-07-07 07:23:44.398 | INFO     | __main__:main:192 - Display mode: xr
2026-07-07 07:23:44.398 | INFO     | __main__:main:193 - Cameras: 1
2026-07-07 07:23:44.398 | INFO     | __main__:main:197 -   sim_screen (mono): mono:0
2026-07-07 07:23:44.398 | INFO     | __main__:main:198 - ============================================================
2026-07-07 07:23:44.398 | INFO     | __main__:main:199 - Press Ctrl+C to stop
[info] [fragment.cpp:1116] Loading extensions from configs...
[info] [gxf_executor.cpp:433] Creating context
2026-07-07 07:23:44.427 | INFO     | teleop_camera_subgraph:_compose_local_sources:403 - Adding local camera: sim_screen (v4l2)
2026-07-07 07:23:44.427 | INFO     | camera_sources:create_v4l2_source:309 -   V4L2 source: sim_screen /dev/video44 1280x720@0fps
2026-07-07 07:23:44.431 | INFO     | teleop_camera_subgraph:_compose_xr_mode:816 - XR mode: 1 camera planes (single Vulkan context), hand skeleton overlay=enabled
2026-07-07 07:23:44.431 | INFO     | teleop_camera_subgraph:compose:394 - Teleop camera subgraph: mode=xr
LOG in xrCreateInstance: Instance created
	createInfo->applicationInfo.applicationName: Holoscan XR
	createInfo->applicationInfo.applicationVersion: 0
	createInfo->applicationInfo.engineName: Holoscan XR
	createInfo->applicationInfo.engineVersion: 1
	createInfo->applicationInfo.apiVersion: 1.0.0
	appinfo.detected.engine.name: (null)
	appinfo.detected.engine.version: 0.0.0
	quirks.disable_vulkan_format_depth: false
	quirks.disable_vulkan_format_depth_stencil: false
	quirks.disable_quad_views: false
	quirks.no_validation_error_in_create_ref_space: true
	quirks.skip_end_session: false
	quirks.parallel_views: false
	quirks.no_texture_source_alpha: false

[error] [component.cpp:89] Component 'teleop_camera_xr_plane_renderer': failed to set argument - Argument 'xr_session': xr::Instance::getSystem: ErrorFormFactorUnavailable
[error] [gxf_executor.cpp:1616] Exception occurred during initialization of operator: 'teleop_camera_xr_plane_renderer' - Component 'teleop_camera_xr_plane_renderer': failed to set 1 argument(s):
  - Argument 'xr_session': xr::Instance::getSystem: ErrorFormFactorUnavailable
2026-07-07 07:23:44.629 | WARNING  | __main__:_reexec_self:100 - XR runtime not ready yet. Component 'teleop_camera_xr_plane_renderer': failed to set 1 argument(s):
  - Argument 'xr_session': xr::Instance::getSystem: ErrorFormFactorUnavailable Retrying in 2.0s... (attempt 5)
2026-07-07 07:23:46.629 | INFO     | __main__:_reexec_self:102 - Re-executing for clean process state...
2026-07-07 07:23:47.245 | INFO     | __main__:main:166 - Loading config from: /config/newton_sim_screen_xr.yaml
2026-07-07 07:23:47.288 | INFO     | __main__:main:188 - ============================================================
2026-07-07 07:23:47.289 | INFO     | __main__:main:189 - Teleop Camera App
2026-07-07 07:23:47.289 | INFO     | __main__:main:190 - ============================================================
2026-07-07 07:23:47.289 | INFO     | __main__:main:191 - Source: local
2026-07-07 07:23:47.289 | INFO     | __main__:main:192 - Display mode: xr
2026-07-07 07:23:47.289 | INFO     | __main__:main:193 - Cameras: 1
2026-07-07 07:23:47.289 | INFO     | __main__:main:197 -   sim_screen (mono): mono:0
2026-07-07 07:23:47.289 | INFO     | __main__:main:198 - ============================================================
2026-07-07 07:23:47.289 | INFO     | __main__:main:199 - Press Ctrl+C to stop
[info] [fragment.cpp:1116] Loading extensions from configs...
[info] [gxf_executor.cpp:433] Creating context
2026-07-07 07:23:47.318 | INFO     | teleop_camera_subgraph:_compose_local_sources:403 - Adding local camera: sim_screen (v4l2)
2026-07-07 07:23:47.318 | INFO     | camera_sources:create_v4l2_source:309 -   V4L2 source: sim_screen /dev/video44 1280x720@0fps
2026-07-07 07:23:47.322 | INFO     | teleop_camera_subgraph:_compose_xr_mode:816 - XR mode: 1 camera planes (single Vulkan context), hand skeleton overlay=enabled
2026-07-07 07:23:47.322 | INFO     | teleop_camera_subgraph:compose:394 - Teleop camera subgraph: mode=xr
LOG in xrCreateInstance: Instance created
	createInfo->applicationInfo.applicationName: Holoscan XR
	createInfo->applicationInfo.applicationVersion: 0
	createInfo->applicationInfo.engineName: Holoscan XR
	createInfo->applicationInfo.engineVersion: 1
	createInfo->applicationInfo.apiVersion: 1.0.0
	appinfo.detected.engine.name: (null)
	appinfo.detected.engine.version: 0.0.0
	quirks.disable_vulkan_format_depth: false
	quirks.disable_vulkan_format_depth_stencil: false
	quirks.disable_quad_views: false
	quirks.no_validation_error_in_create_ref_space: true
	quirks.skip_end_session: false
	quirks.parallel_views: false
	quirks.no_texture_source_alpha: false

[error] [component.cpp:89] Component 'teleop_camera_xr_plane_renderer': failed to set argument - Argument 'xr_session': xr::Instance::getSystem: ErrorFormFactorUnavailable
[error] [gxf_executor.cpp:1616] Exception occurred during initialization of operator: 'teleop_camera_xr_plane_renderer' - Component 'teleop_camera_xr_plane_renderer': failed to set 1 argument(s):
  - Argument 'xr_session': xr::Instance::getSystem: ErrorFormFactorUnavailable
2026-07-07 07:23:47.534 | WARNING  | __main__:_reexec_self:100 - XR runtime not ready yet. Component 'teleop_camera_xr_plane_renderer': failed to set 1 argument(s):
  - Argument 'xr_session': xr::Instance::getSystem: ErrorFormFactorUnavailable Retrying in 2.0s... (attempt 6)
2026-07-07 07:23:49.534 | INFO     | __main__:_reexec_self:102 - Re-executing for clean process state...
2026-07-07 07:23:50.361 | INFO     | __main__:main:166 - Loading config from: /config/newton_sim_screen_xr.yaml
2026-07-07 07:23:50.400 | INFO     | __main__:main:188 - ============================================================
2026-07-07 07:23:50.400 | INFO     | __main__:main:189 - Teleop Camera App
2026-07-07 07:23:50.400 | INFO     | __main__:main:190 - ============================================================
2026-07-07 07:23:50.400 | INFO     | __main__:main:191 - Source: local
2026-07-07 07:23:50.400 | INFO     | __main__:main:192 - Display mode: xr
2026-07-07 07:23:50.400 | INFO     | __main__:main:193 - Cameras: 1
2026-07-07 07:23:50.401 | INFO     | __main__:main:197 -   sim_screen (mono): mono:0
2026-07-07 07:23:50.401 | INFO     | __main__:main:198 - ============================================================
2026-07-07 07:23:50.401 | INFO     | __main__:main:199 - Press Ctrl+C to stop
[info] [fragment.cpp:1116] Loading extensions from configs...
[info] [gxf_executor.cpp:433] Creating context
2026-07-07 07:23:50.426 | INFO     | teleop_camera_subgraph:_compose_local_sources:403 - Adding local camera: sim_screen (v4l2)
2026-07-07 07:23:50.426 | INFO     | camera_sources:create_v4l2_source:309 -   V4L2 source: sim_screen /dev/video44 1280x720@0fps
2026-07-07 07:23:50.430 | INFO     | teleop_camera_subgraph:_compose_xr_mode:816 - XR mode: 1 camera planes (single Vulkan context), hand skeleton overlay=enabled
2026-07-07 07:23:50.430 | INFO     | teleop_camera_subgraph:compose:394 - Teleop camera subgraph: mode=xr
LOG in xrCreateInstance: Instance created
	createInfo->applicationInfo.applicationName: Holoscan XR
	createInfo->applicationInfo.applicationVersion: 0
	createInfo->applicationInfo.engineName: Holoscan XR
	createInfo->applicationInfo.engineVersion: 1
	createInfo->applicationInfo.apiVersion: 1.0.0
	appinfo.detected.engine.name: (null)
	appinfo.detected.engine.version: 0.0.0
	quirks.disable_vulkan_format_depth: false
	quirks.disable_vulkan_format_depth_stencil: false
	quirks.disable_quad_views: false
	quirks.no_validation_error_in_create_ref_space: true
	quirks.skip_end_session: false
	quirks.parallel_views: false
	quirks.no_texture_source_alpha: false

[error] [component.cpp:89] Component 'teleop_camera_xr_plane_renderer': failed to set argument - Argument 'xr_session': xr::Instance::getSystem: ErrorFormFactorUnavailable
[error] [gxf_executor.cpp:1616] Exception occurred during initialization of operator: 'teleop_camera_xr_plane_renderer' - Component 'teleop_camera_xr_plane_renderer': failed to set 1 argument(s):
  - Argument 'xr_session': xr::Instance::getSystem: ErrorFormFactorUnavailable
2026-07-07 07:23:50.689 | WARNING  | __main__:_reexec_self:100 - XR runtime not ready yet. Component 'teleop_camera_xr_plane_renderer': failed to set 1 argument(s):
  - Argument 'xr_session': xr::Instance::getSystem: ErrorFormFactorUnavailable Retrying in 2.0s... (attempt 7)
2026-07-07 07:23:52.689 | INFO     | __main__:_reexec_self:102 - Re-executing for clean process state...
2026-07-07 07:23:53.574 | INFO     | __main__:main:166 - Loading config from: /config/newton_sim_screen_xr.yaml
2026-07-07 07:23:53.619 | INFO     | __main__:main:188 - ============================================================
2026-07-07 07:23:53.619 | INFO     | __main__:main:189 - Teleop Camera App
2026-07-07 07:23:53.619 | INFO     | __main__:main:190 - ============================================================
2026-07-07 07:23:53.619 | INFO     | __main__:main:191 - Source: local
2026-07-07 07:23:53.619 | INFO     | __main__:main:192 - Display mode: xr
2026-07-07 07:23:53.619 | INFO     | __main__:main:193 - Cameras: 1
2026-07-07 07:23:53.619 | INFO     | __main__:main:197 -   sim_screen (mono): mono:0
2026-07-07 07:23:53.619 | INFO     | __main__:main:198 - ============================================================
2026-07-07 07:23:53.620 | INFO     | __main__:main:199 - Press Ctrl+C to stop
[info] [fragment.cpp:1116] Loading extensions from configs...
[info] [gxf_executor.cpp:433] Creating context
2026-07-07 07:23:53.649 | INFO     | teleop_camera_subgraph:_compose_local_sources:403 - Adding local camera: sim_screen (v4l2)
2026-07-07 07:23:53.649 | INFO     | camera_sources:create_v4l2_source:309 -   V4L2 source: sim_screen /dev/video44 1280x720@0fps
2026-07-07 07:23:53.653 | INFO     | teleop_camera_subgraph:_compose_xr_mode:816 - XR mode: 1 camera planes (single Vulkan context), hand skeleton overlay=enabled
2026-07-07 07:23:53.653 | INFO     | teleop_camera_subgraph:compose:394 - Teleop camera subgraph: mode=xr
LOG in xrCreateInstance: Instance created
	createInfo->applicationInfo.applicationName: Holoscan XR
	createInfo->applicationInfo.applicationVersion: 0
	createInfo->applicationInfo.engineName: Holoscan XR
	createInfo->applicationInfo.engineVersion: 1
	createInfo->applicationInfo.apiVersion: 1.0.0
	appinfo.detected.engine.name: (null)
	appinfo.detected.engine.version: 0.0.0
	quirks.disable_vulkan_format_depth: false
	quirks.disable_vulkan_format_depth_stencil: false
	quirks.disable_quad_views: false
	quirks.no_validation_error_in_create_ref_space: true
	quirks.skip_end_session: false
	quirks.parallel_views: false
	quirks.no_texture_source_alpha: false

[error] [component.cpp:89] Component 'teleop_camera_xr_plane_renderer': failed to set argument - Argument 'xr_session': xr::Instance::getSystem: ErrorFormFactorUnavailable
[error] [gxf_executor.cpp:1616] Exception occurred during initialization of operator: 'teleop_camera_xr_plane_renderer' - Component 'teleop_camera_xr_plane_renderer': failed to set 1 argument(s):
  - Argument 'xr_session': xr::Instance::getSystem: ErrorFormFactorUnavailable
2026-07-07 07:23:53.842 | WARNING  | __main__:_reexec_self:100 - XR runtime not ready yet. Component 'teleop_camera_xr_plane_renderer': failed to set 1 argument(s):
  - Argument 'xr_session': xr::Instance::getSystem: ErrorFormFactorUnavailable Retrying in 2.0s... (attempt 8)
2026-07-07 07:23:55.842 | INFO     | __main__:_reexec_self:102 - Re-executing for clean process state...
2026-07-07 07:23:56.604 | INFO     | __main__:main:166 - Loading config from: /config/newton_sim_screen_xr.yaml
2026-07-07 07:23:56.643 | INFO     | __main__:main:188 - ============================================================
2026-07-07 07:23:56.644 | INFO     | __main__:main:189 - Teleop Camera App
2026-07-07 07:23:56.644 | INFO     | __main__:main:190 - ============================================================
2026-07-07 07:23:56.644 | INFO     | __main__:main:191 - Source: local
2026-07-07 07:23:56.644 | INFO     | __main__:main:192 - Display mode: xr
2026-07-07 07:23:56.644 | INFO     | __main__:main:193 - Cameras: 1
2026-07-07 07:23:56.644 | INFO     | __main__:main:197 -   sim_screen (mono): mono:0
2026-07-07 07:23:56.645 | INFO     | __main__:main:198 - ============================================================
2026-07-07 07:23:56.645 | INFO     | __main__:main:199 - Press Ctrl+C to stop
[info] [fragment.cpp:1116] Loading extensions from configs...
[info] [gxf_executor.cpp:433] Creating context
2026-07-07 07:23:56.673 | INFO     | teleop_camera_subgraph:_compose_local_sources:403 - Adding local camera: sim_screen (v4l2)
2026-07-07 07:23:56.674 | INFO     | camera_sources:create_v4l2_source:309 -   V4L2 source: sim_screen /dev/video44 1280x720@0fps
2026-07-07 07:23:56.678 | INFO     | teleop_camera_subgraph:_compose_xr_mode:816 - XR mode: 1 camera planes (single Vulkan context), hand skeleton overlay=enabled
2026-07-07 07:23:56.678 | INFO     | teleop_camera_subgraph:compose:394 - Teleop camera subgraph: mode=xr
LOG in xrCreateInstance: Instance created
	createInfo->applicationInfo.applicationName: Holoscan XR
	createInfo->applicationInfo.applicationVersion: 0
	createInfo->applicationInfo.engineName: Holoscan XR
	createInfo->applicationInfo.engineVersion: 1
	createInfo->applicationInfo.apiVersion: 1.0.0
	appinfo.detected.engine.name: (null)
	appinfo.detected.engine.version: 0.0.0
	quirks.disable_vulkan_format_depth: false
	quirks.disable_vulkan_format_depth_stencil: false
	quirks.disable_quad_views: false
	quirks.no_validation_error_in_create_ref_space: true
	quirks.skip_end_session: false
	quirks.parallel_views: false
	quirks.no_texture_source_alpha: false

[error] [component.cpp:89] Component 'teleop_camera_xr_plane_renderer': failed to set argument - Argument 'xr_session': xr::Instance::getSystem: ErrorFormFactorUnavailable
[error] [gxf_executor.cpp:1616] Exception occurred during initialization of operator: 'teleop_camera_xr_plane_renderer' - Component 'teleop_camera_xr_plane_renderer': failed to set 1 argument(s):
  - Argument 'xr_session': xr::Instance::getSystem: ErrorFormFactorUnavailable
2026-07-07 07:23:56.896 | WARNING  | __main__:_reexec_self:100 - XR runtime not ready yet. Component 'teleop_camera_xr_plane_renderer': failed to set 1 argument(s):
  - Argument 'xr_session': xr::Instance::getSystem: ErrorFormFactorUnavailable Retrying in 2.0s... (attempt 9)
2026-07-07 07:23:58.897 | INFO     | __main__:_reexec_self:102 - Re-executing for clean process state...
2026-07-07 07:23:59.525 | INFO     | __main__:main:166 - Loading config from: /config/newton_sim_screen_xr.yaml
2026-07-07 07:23:59.568 | INFO     | __main__:main:188 - ============================================================
2026-07-07 07:23:59.568 | INFO     | __main__:main:189 - Teleop Camera App
2026-07-07 07:23:59.568 | INFO     | __main__:main:190 - ============================================================
2026-07-07 07:23:59.569 | INFO     | __main__:main:191 - Source: local
2026-07-07 07:23:59.569 | INFO     | __main__:main:192 - Display mode: xr
2026-07-07 07:23:59.569 | INFO     | __main__:main:193 - Cameras: 1
2026-07-07 07:23:59.569 | INFO     | __main__:main:197 -   sim_screen (mono): mono:0
2026-07-07 07:23:59.569 | INFO     | __main__:main:198 - ============================================================
2026-07-07 07:23:59.569 | INFO     | __main__:main:199 - Press Ctrl+C to stop
[info] [fragment.cpp:1116] Loading extensions from configs...
[info] [gxf_executor.cpp:433] Creating context
2026-07-07 07:23:59.598 | INFO     | teleop_camera_subgraph:_compose_local_sources:403 - Adding local camera: sim_screen (v4l2)
2026-07-07 07:23:59.598 | INFO     | camera_sources:create_v4l2_source:309 -   V4L2 source: sim_screen /dev/video44 1280x720@0fps
2026-07-07 07:23:59.603 | INFO     | teleop_camera_subgraph:_compose_xr_mode:816 - XR mode: 1 camera planes (single Vulkan context), hand skeleton overlay=enabled
2026-07-07 07:23:59.603 | INFO     | teleop_camera_subgraph:compose:394 - Teleop camera subgraph: mode=xr
LOG in xrCreateInstance: Instance created
	createInfo->applicationInfo.applicationName: Holoscan XR
	createInfo->applicationInfo.applicationVersion: 0
	createInfo->applicationInfo.engineName: Holoscan XR
	createInfo->applicationInfo.engineVersion: 1
	createInfo->applicationInfo.apiVersion: 1.0.0
	appinfo.detected.engine.name: (null)
	appinfo.detected.engine.version: 0.0.0
	quirks.disable_vulkan_format_depth: false
	quirks.disable_vulkan_format_depth_stencil: false
	quirks.disable_quad_views: false
	quirks.no_validation_error_in_create_ref_space: true
	quirks.skip_end_session: false
	quirks.parallel_views: false
	quirks.no_texture_source_alpha: false

[error] [component.cpp:89] Component 'teleop_camera_xr_plane_renderer': failed to set argument - Argument 'xr_session': xr::Instance::getSystem: ErrorFormFactorUnavailable
[error] [gxf_executor.cpp:1616] Exception occurred during initialization of operator: 'teleop_camera_xr_plane_renderer' - Component 'teleop_camera_xr_plane_renderer': failed to set 1 argument(s):
  - Argument 'xr_session': xr::Instance::getSystem: ErrorFormFactorUnavailable
2026-07-07 07:23:59.802 | WARNING  | __main__:_reexec_self:100 - XR runtime not ready yet. Component 'teleop_camera_xr_plane_renderer': failed to set 1 argument(s):
  - Argument 'xr_session': xr::Instance::getSystem: ErrorFormFactorUnavailable Retrying in 2.0s... (attempt 10)
2026-07-07 07:24:01.803 | INFO     | __main__:_reexec_self:102 - Re-executing for clean process state...
2026-07-07 07:24:02.367 | INFO     | __main__:main:166 - Loading config from: /config/newton_sim_screen_xr.yaml
2026-07-07 07:24:02.410 | INFO     | __main__:main:188 - ============================================================
2026-07-07 07:24:02.410 | INFO     | __main__:main:189 - Teleop Camera App
2026-07-07 07:24:02.411 | INFO     | __main__:main:190 - ============================================================
2026-07-07 07:24:02.411 | INFO     | __main__:main:191 - Source: local
2026-07-07 07:24:02.411 | INFO     | __main__:main:192 - Display mode: xr
2026-07-07 07:24:02.411 | INFO     | __main__:main:193 - Cameras: 1
2026-07-07 07:24:02.411 | INFO     | __main__:main:197 -   sim_screen (mono): mono:0
2026-07-07 07:24:02.411 | INFO     | __main__:main:198 - ============================================================
2026-07-07 07:24:02.411 | INFO     | __main__:main:199 - Press Ctrl+C to stop
[info] [fragment.cpp:1116] Loading extensions from configs...
[info] [gxf_executor.cpp:433] Creating context
2026-07-07 07:24:02.440 | INFO     | teleop_camera_subgraph:_compose_local_sources:403 - Adding local camera: sim_screen (v4l2)
2026-07-07 07:24:02.440 | INFO     | camera_sources:create_v4l2_source:309 -   V4L2 source: sim_screen /dev/video44 1280x720@0fps
2026-07-07 07:24:02.444 | INFO     | teleop_camera_subgraph:_compose_xr_mode:816 - XR mode: 1 camera planes (single Vulkan context), hand skeleton overlay=enabled
2026-07-07 07:24:02.445 | INFO     | teleop_camera_subgraph:compose:394 - Teleop camera subgraph: mode=xr
LOG in xrCreateInstance: Instance created
	createInfo->applicationInfo.applicationName: Holoscan XR
	createInfo->applicationInfo.applicationVersion: 0
	createInfo->applicationInfo.engineName: Holoscan XR
	createInfo->applicationInfo.engineVersion: 1
	createInfo->applicationInfo.apiVersion: 1.0.0
	appinfo.detected.engine.name: (null)
	appinfo.detected.engine.version: 0.0.0
	quirks.disable_vulkan_format_depth: false
	quirks.disable_vulkan_format_depth_stencil: false
	quirks.disable_quad_views: false
	quirks.no_validation_error_in_create_ref_space: true
	quirks.skip_end_session: false
	quirks.parallel_views: false
	quirks.no_texture_source_alpha: false

LOG in xrGetSystem: System has quad views but it is not allowed to expose them.
LOG in xrGetSystem: Selected devices
	Head: 'Head Device'
	Eyes: '<none>'
	Left: 'Quest Touch Plus Left'
	Right: 'Quest Touch Plus Right'
	Gamepad: '<none>'
	Hand-Tracking Left (unobstructed): 'Push Hand Tracker (Left)'
	Hand-Tracking Right (unobstructed): 'Push Hand Tracker (Right)'
	Hand-Tracking Left (conforming): '<none>'
	Hand-Tracking Right (conforming): '<none>'
LOG in xrCreateVulkanInstanceKHR: Creation of VkInstance:
	result: VK_SUCCESS
	vulkanInstance: 0x3ae5fd50
	extensions:
		VK_KHR_external_fence_capabilities
		VK_KHR_external_memory_capabilities
		VK_KHR_external_semaphore_capabilities
		VK_KHR_get_physical_device_properties2
		VK_EXT_debug_utils
LOG in xrGetVulkanGraphicsDeviceKHR: Creation of VkDevice:
	result: VK_SUCCESS
	vulkanDevice: 0x3aec73c0
	vulkanInstance: 0x3ae5fd50
	external_fence_fd: true
	external_semaphore_fd: true
	timelineSemaphore: true
	extensions:
		VK_KHR_dedicated_allocation
		VK_KHR_external_fence
		VK_KHR_external_memory
		VK_KHR_external_semaphore
		VK_KHR_get_memory_requirements2
		VK_KHR_external_memory_fd
		VK_KHR_external_semaphore_fd
		VK_KHR_external_fence_fd
		VK_KHR_image_format_list
		VK_KHR_timeline_semaphore
[info] [xr_session.cpp:224] OpenXR session is ready
[info] [gxf_executor.cpp:2459] Activating Graph...
[info] [event_based_scheduler.cpp:163] Adding thread to default thread pool without pin cores
[info] [event_based_scheduler.cpp:163] Adding thread to default thread pool without pin cores
[info] [event_based_scheduler.cpp:163] Adding thread to default thread pool without pin cores
[info] [event_based_scheduler.cpp:163] Adding thread to default thread pool without pin cores
[info] [gxf_executor.cpp:2600] Running Graph...
[info] [event_based_scheduler.cpp:474] Event Based scheduler started worker thread [pool name: default_pool, thread uid: 0]
[info] [event_based_scheduler.cpp:474] Event Based scheduler started worker thread [pool name: default_pool, thread uid: 1]
[info] [event_based_scheduler.cpp:474] Event Based scheduler started worker thread [pool name: default_pool, thread uid: 2]
[info] [gxf_executor.cpp:2602] Waiting for completion...
[info] [event_based_scheduler.cpp:474] Event Based scheduler started worker thread [pool name: default_pool, thread uid: 3]
[info] [context.cpp:54] _______________
[info] [context.cpp:54] Vulkan Version:
[info] [context.cpp:54]  - available:  1.3.275
[info] [context.cpp:54]  - requesting: 1.2.0
[info] [v4l2_video_capture.cpp:886] Using V4L2 format YUYV (YUYV 4:2:2), 1280x720, 30 fps
[info] [context.cpp:54] ______________________
[info] [context.cpp:54] Used Instance Layers :
[info] [context.cpp:54] 
[info] [context.cpp:54] Used Instance Extensions :
[info] [context.cpp:54] VK_EXT_debug_utils
[info] [context.cpp:54] VK_KHR_external_memory_capabilities
[info] [context.cpp:54] VK_KHR_surface
[info] [context.cpp:54] VK_KHR_get_surface_capabilities2
[info] [context.cpp:54] ____________________
[info] [context.cpp:54] Compatible Devices :
[info] [context.cpp:54] 0: NVIDIA RTX A5000
[info] [context.cpp:54] Physical devices found : 
[info] [context.cpp:54] 1
[info] [context.cpp:54] ________________________
[info] [context.cpp:54] Used Device Extensions :
[info] [context.cpp:54] VK_KHR_external_memory
[info] [context.cpp:54] VK_KHR_external_memory_fd
[info] [context.cpp:54] VK_KHR_external_semaphore
[info] [context.cpp:54] VK_KHR_external_semaphore_fd
[info] [context.cpp:54] VK_KHR_push_descriptor
[info] [context.cpp:54] VK_EXT_line_rasterization
[info] [context.cpp:54] VK_KHR_sampler_ycbcr_conversion
[info] [context.cpp:54] VK_EXT_present_mode_fifo_latest_ready
[info] [context.cpp:54] 
[info] [vulkan_app.cpp:486] Using device 0: NVIDIA RTX A5000 (UUID eb4f69fb1e1ca450c46cfb1cebec44c4)
[info] [framebuffer_sequence.cpp:150] Using surface format 'R8G8B8A8Unorm, PassThroughEXT'
[info] [framebuffer_sequence.cpp:170] Using depth format 'D32Sfloat'
[info] [xr_plane_renderer_op.cpp:873] XrPlaneRendererOp: XR hand log path=/home/whf/Project/newton/logs/xr_debug/camera_overlay_hand.jsonl stride=10
[info] [xr_plane_renderer_op.cpp:607] XrPlaneRendererOp: XDev id=42 name='Head Device' serial='N/A' canCreateSpace=1
[info] [xr_plane_renderer_op.cpp:607] XrPlaneRendererOp: XDev id=43 name='Left Head Device Hand' serial='Head Device (0)' canCreateSpace=0
[info] [xr_plane_renderer_op.cpp:607] XrPlaneRendererOp: XDev id=44 name='Right Head Device Hand' serial='Head Device (1)' canCreateSpace=0
[info] [xr_plane_renderer_op.cpp:607] XrPlaneRendererOp: XDev id=45 name='DebugController Left' serial='N/A' canCreateSpace=1
[info] [xr_plane_renderer_op.cpp:607] XrPlaneRendererOp: XDev id=46 name='DebugController Right' serial='N/A' canCreateSpace=1
[info] [xr_plane_renderer_op.cpp:607] XrPlaneRendererOp: XDev id=47 name='Quest Touch Plus Left' serial='N/A' canCreateSpace=1
[info] [xr_plane_renderer_op.cpp:607] XrPlaneRendererOp: XDev id=48 name='Quest Touch Plus Right' serial='N/A' canCreateSpace=1
[info] [xr_plane_renderer_op.cpp:607] XrPlaneRendererOp: XDev id=49 name='PS Sense Left' serial='N/A' canCreateSpace=0
[info] [xr_plane_renderer_op.cpp:607] XrPlaneRendererOp: XDev id=50 name='PS Sense Right' serial='N/A' canCreateSpace=0
[info] [xr_plane_renderer_op.cpp:607] XrPlaneRendererOp: XDev id=51 name='Pico 4 Ultra Left' serial='N/A' canCreateSpace=1
[info] [xr_plane_renderer_op.cpp:607] XrPlaneRendererOp: XDev id=52 name='Pico 4 Ultra Right' serial='N/A' canCreateSpace=1
[info] [xr_plane_renderer_op.cpp:607] XrPlaneRendererOp: XDev id=53 name='Generic Controller Left' serial='N/A' canCreateSpace=0
[info] [xr_plane_renderer_op.cpp:607] XrPlaneRendererOp: XDev id=54 name='Generic Controller Right' serial='N/A' canCreateSpace=0
[info] [xr_plane_renderer_op.cpp:607] XrPlaneRendererOp: XDev id=55 name='Simple Controller Left' serial='N/A' canCreateSpace=1
[info] [xr_plane_renderer_op.cpp:607] XrPlaneRendererOp: XDev id=56 name='Simple Controller Right' serial='N/A' canCreateSpace=1
[info] [xr_plane_renderer_op.cpp:607] XrPlaneRendererOp: XDev id=57 name='Push Hand Tracker (Left)' serial='Push-L' canCreateSpace=0
[info] [xr_plane_renderer_op.cpp:607] XrPlaneRendererOp: XDev id=58 name='Push Hand Tracker (Right)' serial='Push-R' canCreateSpace=0
XR_ERROR_FEATURE_UNSUPPORTED: xrCreateHandTrackerEXT(createInfo->next->id == 45) XDev does not support hand tracking
XR_ERROR_FEATURE_UNSUPPORTED: xrCreateHandTrackerEXT(createInfo->next->id == 45) XDev does not support hand tracking
XR_ERROR_FEATURE_UNSUPPORTED: xrCreateHandTrackerEXT(createInfo->next->id == 46) XDev does not support hand tracking
XR_ERROR_FEATURE_UNSUPPORTED: xrCreateHandTrackerEXT(createInfo->next->id == 46) XDev does not support hand tracking
XR_ERROR_FEATURE_UNSUPPORTED: xrCreateHandTrackerEXT(createInfo->next->id == 47) XDev does not support hand tracking
XR_ERROR_FEATURE_UNSUPPORTED: xrCreateHandTrackerEXT(createInfo->next->id == 47) XDev does not support hand tracking
XR_ERROR_FEATURE_UNSUPPORTED: xrCreateHandTrackerEXT(createInfo->next->id == 48) XDev does not support hand tracking
XR_ERROR_FEATURE_UNSUPPORTED: xrCreateHandTrackerEXT(createInfo->next->id == 48) XDev does not support hand tracking
XR_ERROR_FEATURE_UNSUPPORTED: xrCreateHandTrackerEXT(createInfo->next->id == 49) XDev does not support hand tracking
XR_ERROR_FEATURE_UNSUPPORTED: xrCreateHandTrackerEXT(createInfo->next->id == 49) XDev does not support hand tracking
XR_ERROR_FEATURE_UNSUPPORTED: xrCreateHandTrackerEXT(createInfo->next->id == 50) XDev does not support hand tracking
XR_ERROR_FEATURE_UNSUPPORTED: xrCreateHandTrackerEXT(createInfo->next->id == 50) XDev does not support hand tracking
XR_ERROR_FEATURE_UNSUPPORTED: xrCreateHandTrackerEXT(createInfo->next->id == 51) XDev does not support hand tracking
XR_ERROR_FEATURE_UNSUPPORTED: xrCreateHandTrackerEXT(createInfo->next->id == 51) XDev does not support hand tracking
XR_ERROR_FEATURE_UNSUPPORTED: xrCreateHandTrackerEXT(createInfo->next->id == 52) XDev does not support hand tracking
XR_ERROR_FEATURE_UNSUPPORTED: xrCreateHandTrackerEXT(createInfo->next->id == 52) XDev does not support hand tracking
XR_ERROR_FEATURE_UNSUPPORTED: xrCreateHandTrackerEXT(createInfo->next->id == 53) XDev does not support hand tracking
XR_ERROR_FEATURE_UNSUPPORTED: xrCreateHandTrackerEXT(createInfo->next->id == 53) XDev does not support hand tracking
XR_ERROR_FEATURE_UNSUPPORTED: xrCreateHandTrackerEXT(createInfo->next->id == 54) XDev does not support hand tracking
XR_ERROR_FEATURE_UNSUPPORTED: xrCreateHandTrackerEXT(createInfo->next->id == 54) XDev does not support hand tracking
XR_ERROR_FEATURE_UNSUPPORTED: xrCreateHandTrackerEXT(createInfo->next->id == 55) XDev does not support hand tracking
XR_ERROR_FEATURE_UNSUPPORTED: xrCreateHandTrackerEXT(createInfo->next->id == 55) XDev does not support hand tracking
XR_ERROR_FEATURE_UNSUPPORTED: xrCreateHandTrackerEXT(createInfo->next->id == 56) XDev does not support hand tracking
XR_ERROR_FEATURE_UNSUPPORTED: xrCreateHandTrackerEXT(createInfo->next->id == 56) XDev does not support hand tracking
XR_ERROR_FEATURE_UNSUPPORTED in xrCreateHandTrackerEXT: Did not find any hand-tracking inputs on XDev that matched the given hand.
XR_ERROR_FEATURE_UNSUPPORTED in xrCreateHandTrackerEXT: Did not find any hand-tracking inputs on XDev that matched the given hand.
XR_ERROR_FEATURE_UNSUPPORTED in xrCreateHandTrackerEXT: Did not find any hand-tracking inputs on XDev that matched the given hand.
XR_ERROR_FEATURE_UNSUPPORTED in xrCreateHandTrackerEXT: Did not find any hand-tracking inputs on XDev that matched the given hand.
[info] [xr_plane_renderer_op.cpp:637] XrPlaneRendererOp: XDev hand trackers ready left_candidates=3 right_candidates=3
[warning] [cuda_stream_handler.cpp:241] Parameter `cuda_stream_pool` is not set, using the default CUDA stream for CUDA operations.
ERROR [ipc_send] sendmsg(33) failed: '32' 'Broken pipe'!
ERROR [ipc_compositor_wait_frame] ipc_call_compositor_predict_frame failed: XRT_ERROR_IPC_FAILURE [/builds/cloudxr/cloudxr-openxr-runtime/deps/monado/src/xrt/ipc/client/ipc_client_compositor.c:562]
XR_ERROR_INSTANCE_LOST in xrWaitFrame: Call to xrt_comp_wait_frame failed
[error] [gxf_wrapper.cpp:158] Exception occurred for operator: 'teleop_camera_xr_begin_frame' - xr::Session::waitFrame: ErrorInstanceLost
[error] [entity_executor.cpp:749] Failed to tick codelet teleop_camera_xr_begin_frame in entity: teleop_camera_xr_begin_frame code: GXF_FAILURE
[warning] [event_based_scheduler.cpp:558] Error while executing entity E55 named 'teleop_camera_xr_begin_frame': GXF_FAILURE
[info] [event_based_scheduler.cpp:994] Stopping all async jobs
[info] [event_based_scheduler.cpp:566] Worker thread with id [2] exiting
[info] [event_based_scheduler.cpp:641] Async event handler thread exiting.
[info] [event_based_scheduler.cpp:456] Dispatcher thread has stopped checking jobs
[info] [event_based_scheduler.cpp:973] Waiting to join all async threads
[info] [gxf_executor.cpp:2490] Interrupt signal received. Shutting down gracefully...
[info] [event_based_scheduler.cpp:910] Stopping Event Based scheduler
[info] [event_based_scheduler.cpp:994] Stopping all async jobs
[info] [event_based_scheduler.cpp:980] Waiting to join max duration thread
[info] [event_based_scheduler.cpp:988] All async worker threads joined, deactivating all entities
ERROR [ipc_send] sendmsg(33) failed: '32' 'Broken pipe'!
ERROR [ipc_compositor_swapchain_destroy] ipc_call_compositor_semaphore_destroy failed: XRT_ERROR_IPC_FAILURE [/builds/cloudxr/cloudxr-openxr-runtime/deps/monado/src/xrt/ipc/client/ipc_client_compositor.c:181]
ERROR [ipc_send] sendmsg(33) failed: '32' 'Broken pipe'!
ERROR [ipc_compositor_swapchain_destroy] ipc_call_compositor_semaphore_destroy failed: XRT_ERROR_IPC_FAILURE [/builds/cloudxr/cloudxr-openxr-runtime/deps/monado/src/xrt/ipc/client/ipc_client_compositor.c:181]
[info] [event_based_scheduler.cpp:928] Event Based scheduler stopped.
[info] [event_based_scheduler.cpp:953] Event Based scheduler finished.
[error] [program.cpp:580] wait failed. Deactivating...
[error] [runtime.cpp:1647] Graph interrupt failed with error: GXF_FAILURE
[error] [gxf_executor.cpp:355] GxfGraphInterrupt Error: GXF_FAILURE
[info] [event_based_scheduler.cpp:728] Total execution time of Event Based scheduler : 148207.026036 ms

[warning] [entity_warden.cpp:575] Component of type nvidia::gxf::EventBasedScheduler, cid 5 failed to deinitialize with code GXF_FAILURE
[error] [runtime.cpp:797] Could not deinitialize entity 'scheduler' (E4): GXF_FAILURE
[error] [program.cpp:582] Deactivation failed.
[error] [runtime.cpp:1655] Graph wait failed with error: GXF_FAILURE
[warning] [gxf_executor.cpp:2603] GXF call GxfGraphWait(context) in line 2603 of file /workspace/holoscan-sdk/src/core/executors/gxf/gxf_executor.cpp failed with 'GXF_FAILURE' (1)
[info] [gxf_executor.cpp:2618] Graph execution finished.
[error] [gxf_executor.cpp:2626] Graph execution error: GXF_FAILURE
Traceback (most recent call last):
  File "/camera_streamer/teleop_camera_app.py", line 227, in main
    app.run()
RuntimeError: xr::Session::waitFrame: ErrorInstanceLost

During handling of the above exception, another exception occurred:

Traceback (most recent call last):
  File "/camera_streamer/teleop_camera_app.py", line 276, in <module>
    main()
  File "/camera_streamer/teleop_camera_app.py", line 239, in main
    running_timer.cancel()
  File "/usr/lib/python3.12/threading.py", line 1424, in cancel
    def cancel(self):

KeyboardInterrupt
